0 info it worked if it ends with ok
1 verbose cli [ 'node', '/usr/local/bin/npm', 'install', 'jquery-deferred' ]
2 info using npm@1.4.28
3 info using node@v0.10.32
4 warn package.json OnlineCoffeeShop@1.0.0 No description
5 warn package.json OnlineCoffeeShop@1.0.0 No repository field.
6 warn package.json OnlineCoffeeShop@1.0.0 No README data
7 verbose readDependencies using package.json deps
8 verbose cache add [ 'jquery-deferred@~2.1.1', null ]
9 verbose cache add name=undefined spec="jquery-deferred@~2.1.1" args=["jquery-deferred@~2.1.1",null]
10 verbose parsed url { protocol: null,
10 verbose parsed url   slashes: null,
10 verbose parsed url   auth: null,
10 verbose parsed url   host: null,
10 verbose parsed url   port: null,
10 verbose parsed url   hostname: null,
10 verbose parsed url   hash: null,
10 verbose parsed url   search: null,
10 verbose parsed url   query: null,
10 verbose parsed url   pathname: 'jquery-deferred@~2.1.1',
10 verbose parsed url   path: 'jquery-deferred@~2.1.1',
10 verbose parsed url   href: 'jquery-deferred@~2.1.1' }
11 verbose cache add name="jquery-deferred" spec="~2.1.1" args=["jquery-deferred","~2.1.1"]
12 verbose parsed url { protocol: null,
12 verbose parsed url   slashes: null,
12 verbose parsed url   auth: null,
12 verbose parsed url   host: null,
12 verbose parsed url   port: null,
12 verbose parsed url   hostname: null,
12 verbose parsed url   hash: null,
12 verbose parsed url   search: null,
12 verbose parsed url   query: null,
12 verbose parsed url   pathname: '~2.1.1',
12 verbose parsed url   path: '~2.1.1',
12 verbose parsed url   href: '~2.1.1' }
13 verbose addNamed [ 'jquery-deferred', '~2.1.1' ]
14 verbose addNamed [ null, '>=2.1.1-0 <2.2.0-0' ]
15 silly lockFile 99fce1db-jquery-deferred-2-1-1 jquery-deferred@~2.1.1
16 verbose lock jquery-deferred@~2.1.1 /Users/hyunahkelly/.npm/99fce1db-jquery-deferred-2-1-1.lock
17 silly addNameRange { name: 'jquery-deferred',
17 silly addNameRange   range: '>=2.1.1-0 <2.2.0-0',
17 silly addNameRange   hasData: false }
18 verbose request where is /jquery-deferred
19 verbose request registry https://registry.npmjs.org/
20 verbose request id ea99a81fc474bedf
21 verbose url raw /jquery-deferred
22 verbose url resolving [ 'https://registry.npmjs.org/', './jquery-deferred' ]
23 verbose url resolved https://registry.npmjs.org/jquery-deferred
24 verbose request where is https://registry.npmjs.org/jquery-deferred
25 info trying registry request attempt 1 at 20:39:40
26 http GET https://registry.npmjs.org/jquery-deferred
27 http 200 https://registry.npmjs.org/jquery-deferred
28 silly registry.get cb [ 200,
28 silly registry.get   { date: 'Sun, 16 Nov 2014 02:39:41 GMT',
28 silly registry.get     server: 'CouchDB/1.5.0 (Erlang OTP/R16B03)',
28 silly registry.get     etag: '"36ZOYYNF4YDELKUK3CD7ZLDF1"',
28 silly registry.get     'content-type': 'application/json',
28 silly registry.get     'cache-control': 'max-age=60',
28 silly registry.get     'content-length': '5655',
28 silly registry.get     'accept-ranges': 'bytes',
28 silly registry.get     via: '1.1 varnish',
28 silly registry.get     age: '0',
28 silly registry.get     'x-served-by': 'cache-ord1731-ORD',
28 silly registry.get     'x-cache': 'MISS',
28 silly registry.get     'x-cache-hits': '0',
28 silly registry.get     'x-timer': 'S1416105580.978623,VS0,VE270',
28 silly registry.get     vary: 'Accept',
28 silly registry.get     'keep-alive': 'timeout=10, max=50',
28 silly registry.get     connection: 'Keep-Alive' } ]
29 silly addNameRange number 2 { name: 'jquery-deferred',
29 silly addNameRange   range: '>=2.1.1-0 <2.2.0-0',
29 silly addNameRange   hasData: true }
30 silly addNameRange versions [ 'jquery-deferred', [ '0.1.0', '0.1.1', '0.2.0', '0.3.0' ] ]
31 silly lockFile 99fce1db-jquery-deferred-2-1-1 jquery-deferred@~2.1.1
32 silly lockFile 99fce1db-jquery-deferred-2-1-1 jquery-deferred@~2.1.1
33 error notarget No compatible version found: jquery-deferred@'>=2.1.1-0 <2.2.0-0'
33 error notarget Valid install targets:
33 error notarget ["0.1.0","0.1.1","0.2.0","0.3.0"]
33 error notarget
33 error notarget This is most likely not a problem with npm itself.
33 error notarget In most cases you or one of your dependencies are requesting
33 error notarget a package version that doesn't exist.
34 error System Darwin 12.5.0
35 error command "node" "/usr/local/bin/npm" "install" "jquery-deferred"
36 error cwd /Users/hyunahkelly/Documents/NodeJS/OnlineCoffeeShop
37 error node -v v0.10.32
38 error npm -v 1.4.28
39 error code ETARGET
40 verbose exit [ 1, true ]
